{
  "RSpec": {
    "coverage": {
      "/Users/gerhardk19/Code/Personal/Something/app/controllers/application_controller.rb": [
        1,
        1,
        1,
        1,
        1,
        null
      ],
      "/Users/gerhardk19/Code/Personal/Something/app/helpers/application_helper.rb": [
        1,
        null
      ],
      "/Users/gerhardk19/Code/Personal/Something/app/helpers/blocks_helper.rb": [
        1,
        null
      ],
      "/Users/gerhardk19/Code/Personal/Something/app/helpers/game_ships_helper.rb": [
        1,
        null
      ],
      "/Users/gerhardk19/Code/Personal/Something/app/helpers/games_helper.rb": [
        1,
        null
      ],
      "/Users/gerhardk19/Code/Personal/Something/app/helpers/nukes_helper.rb": [
        1,
        null
      ],
      "/Users/gerhardk19/Code/Personal/Something/app/helpers/public_helper.rb": [
        1,
        null
      ],
      "/Users/gerhardk19/Code/Personal/Something/app/helpers/ships_helper.rb": [
        1,
        null
      ],
      "/Users/gerhardk19/Code/Personal/Something/app/controllers/blocks_controller.rb": [
        1,
        null
      ],
      "/Users/gerhardk19/Code/Personal/Something/app/models/block.rb": [
        1,
        1,
        1,
        null,
        1,
        null,
        1,
        1,
        1,
        1,
        1,
        null,
        1,
        1,
        1,
        null,
        null,
        1,
        1,
        1,
        null,
        null,
        null,
        null,
        null
      ],
      "/Users/gerhardk19/Code/Personal/Something/app/controllers/game_ships_controller.rb": [
        1,
        1,
        1,
        0,
        0,
        0,
        0,
        null,
        0,
        null,
        null,
        null,
        1,
        0,
        0,
        0,
        0,
        null,
        null,
        null,
        1,
        0,
        0,
        0,
        null,
        null,
        1,
        0,
        0,
        0,
        0,
        null,
        0,
        null,
        null,
        null
      ],
      "/Users/gerhardk19/Code/Personal/Something/app/models/game_ship.rb": [
        1,
        1,
        1,
        1,
        null,
        1,
        1,
        null,
        1,
        1,
        null,
        1,
        null,
        1,
        0,
        null,
        0,
        0,
        0,
        0,
        null,
        null,
        null,
        1,
        0,
        0,
        0,
        null,
        0,
        null,
        null,
        0,
        0,
        0,
        0,
        null,
        0,
        null,
        null,
        null,
        null,
        0,
        0,
        0,
        null,
        0,
        0,
        0,
        null,
        0,
        null,
        null,
        null,
        null,
        null,
        null,
        null,
        null,
        null,
        null,
        null,
        1,
        null,
        0,
        0,
        0,
        null,
        null,
        null,
        null,
        null,
        1,
        0,
        0,
        0,
        null,
        0,
        null,
        null,
        0,
        0,
        0,
        0,
        null,
        0,
        null,
        null,
        null,
        null,
        0,
        0,
        0,
        null,
        0,
        0,
        0,
        null,
        0,
        null,
        null,
        null,
        null,
        null,
        null,
        null,
        null,
        null,
        null,
        null,
        null
      ],
      "/Users/gerhardk19/Code/Personal/Something/app/controllers/games_controller.rb": [
        1,
        null,
        1,
        0,
        null,
        0,
        0,
        0,
        null,
        null,
        1,
        0,
        0,
        null,
        null,
        0,
        null,
        0,
        null,
        0,
        0,
        0,
        null,
        null,
        null,
        null,
        1,
        0,
        null,
        null,
        1,
        0,
        0,
        null,
        0,
        null,
        0,
        null,
        null,
        null,
        1,
        null,
        null,
        null,
        1,
        0,
        0,
        null,
        0,
        null,
        0,
        null,
        null,
        null,
        null,
        null,
        null
      ],
      "/Users/gerhardk19/Code/Personal/Something/app/models/game.rb": [
        1,
        1,
        1,
        1,
        1,
        1,
        1,
        null,
        1,
        1,
        0,
        null,
        null,
        1,
        null,
        1,
        1,
        1,
        1,
        1,
        null,
        1,
        1,
        null,
        null,
        1,
        1,
        null,
        null,
        null,
        1,
        null,
        0,
        0,
        0,
        null,
        null,
        0,
        0,
        0,
        null,
        null,
        null,
        null,
        1,
        0,
        0,
        0,
        0,
        0,
        null,
        null
      ],
      "/Users/gerhardk19/Code/Personal/Something/app/controllers/nukes_controller.rb": [
        1,
        null,
        1,
        1,
        1,
        null,
        1,
        null,
        0,
        0,
        0,
        null,
        0,
        0,
        0,
        null,
        0,
        null,
        0,
        0,
        0,
        null,
        null,
        0,
        0,
        0,
        null,
        0,
        null,
        null,
        0,
        0,
        null,
        null,
        0,
        null,
        0,
        null,
        null,
        null,
        null,
        null
      ],
      "/Users/gerhardk19/Code/Personal/Something/app/models/nuke.rb": [
        1,
        1,
        1,
        1,
        1,
        null,
        1,
        1,
        null,
        1,
        null,
        1,
        null,
        0,
        0,
        0,
        null,
        0,
        null,
        null,
        0,
        0,
        null,
        0,
        0,
        0,
        0,
        0,
        null,
        null,
        0,
        null,
        null,
        0,
        null,
        null,
        0,
        0,
        null,
        null,
        null,
        0,
        0,
        0,
        0,
        0,
        0,
        null,
        null,
        0,
        null,
        null,
        0,
        null,
        null,
        null,
        null,
        null,
        null,
        null,
        1,
        0,
        null,
        0,
        null,
        null,
        1,
        0,
        0,
        null,
        0,
        0,
        0,
        null,
        0,
        null,
        null
      ],
      "/Users/gerhardk19/Code/Personal/Something/app/controllers/public_controller.rb": [
        1,
        1,
        null,
        null,
        null,
        null
      ],
      "/Users/gerhardk19/Code/Personal/Something/app/controllers/ships_controller.rb": [
        1,
        1,
        0,
        0,
        0,
        null,
        0,
        null,
        null,
        null,
        1,
        0,
        0,
        0,
        null,
        0,
        null,
        null,
        null
      ],
      "/Users/gerhardk19/Code/Personal/Something/app/models/ship.rb": [
        1,
        1,
        1,
        null,
        1,
        1,
        1,
        null,
        null,
        null
      ],
      "/Users/gerhardk19/Code/Personal/Something/app/models/server_ship.rb": [
        1,
        1,
        null
      ],
      "/Users/gerhardk19/Code/Personal/Something/lib/generators/my_model_spec/my_model_spec_generator.rb": [
        0,
        0,
        null,
        0,
        0,
        0,
        null,
        0,
        null,
        0,
        0,
        0,
        null,
        0
      ],
      "/Users/gerhardk19/Code/Personal/Something/lib/generators/my_controller_spec/my_controller_spec_generator.rb": [
        0,
        0,
        null,
        0,
        0,
        0,
        null,
        0,
        null,
        0,
        0,
        0,
        null,
        0
      ]
    },
    "timestamp": 1524218872
  }
}
